2015-02-04 14:46:19,542 INFO initialising plugins
2015-02-04 14:46:58,209 DEBUG found plugins: 3 capabilites and 55 plugins
2015-02-04 14:46:58,912 INFO report_directive: starting: /ifs/home/andreas/devel/CGATReport/CGATReport/templates/PipelineTest.rst:7
2015-02-04 14:46:58,912 DEBUG report_directive.run: profile: started: rst: /ifs/home/andreas/devel/CGATReport/CGATReport/templates/PipelineTest.rst:7
2015-02-04 14:46:58,913 DEBUG report_directive.run: arguments=[u'Trackers.SimpleExampleData'], options={'render': 'interleaved-bar-plot'}, lineno=7, content=[u'Simple example data.'], document=/ifs/home/andreas/devel/CGATReport/CGATReport/templates/PipelineTest.rst
2015-02-04 14:46:58,913 DEBUG report_directive.run: plotdir=Trackers.SimpleExampleData, basename=Trackers, ext=.SimpleExampleData, fname=Trackers.SimpleExampleData, rstdir=/ifs/devel/andreas/CGATReport/CGATReport/templates, srcdir=/ifs/devel/andreas/CGATReport/CGATReport/templates, builddir=/ifs/devel/andreas/CGATReport/CGATReport/templates
2015-02-04 14:46:58,913 DEBUG report_directive.run: tracker_name=Trackers.SimpleExampleData, basedir=, rst2src=./_static/report_directive, root2build=./_static/report_directive, outdir=_static/report_directive, codename=Trackers_SimpleExampleData.code
2015-02-04 14:46:58,917 DEBUG report_directive.run: options={'render': 'interleaved-bar-plot'}
2015-02-04 14:46:58,917 DEBUG report_directive.run: renderer options: {}
2015-02-04 14:46:58,917 DEBUG report_directive.run: transformer options: {}
2015-02-04 14:46:58,918 DEBUG report_directive.run: dispatcher options: {}
2015-02-04 14:46:58,918 DEBUG report_directive.run: tracker options: {}
2015-02-04 14:46:58,918 DEBUG report_directive.run: display options: {'render': 'interleaved-bar-plot'}
2015-02-04 14:46:58,918 DEBUG report_directive.run: options_hash=9e47da48fcbb9b4cd4c2da4b324f1e99
2015-02-04 14:46:58,919 DEBUG report_directive.run: checking for changed files.
2015-02-04 14:46:58,919 DEBUG report_directive.run: /ifs/home/andreas/devel/CGATReport/CGATReport/templates/PipelineTest.rst:7: no check performed: _static/report_directive/Trackers_SimpleExampleData@interleaved-bar-plot@9e47da48fcbb9b4cd4c2da4b324f1e99.txt missing
2015-02-04 14:46:58,921 DEBUG report_directive.run: collecting tracker Trackers.SimpleExampleData with options {} 
2015-02-04 14:46:58,921 DEBUG instantiating class SimpleExampleData
2015-02-04 14:46:58,921 DEBUG entered getModule with `Trackers`
2015-02-04 14:46:58,921 DEBUG searching for module name=Trackers at path=None
2015-02-04 14:46:59,097 DEBUG loading module: Trackers: <open file '/ifs/devel/andreas/CGATReport/CGATReport/templates/Trackers.py', mode 'U' at 0x4902d20>, /ifs/devel/andreas/CGATReport/CGATReport/templates/Trackers.py, ('.py', 'U', 1)
2015-02-04 14:46:59,123 DEBUG report_directive.run: collected tracker Trackers.SimpleExampleData
2015-02-04 14:46:59,124 DEBUG report_directive.run: creating transformers
2015-02-04 14:46:59,124 DEBUG report_directive.run: creating renderer.
2015-02-04 14:46:59,124 DEBUG disp77033168: 77033168: starting renderer '<CGATReportPlugins.Plotter.InterleavedBarPlot object at 0x4976ed0>'
2015-02-04 14:46:59,125 DEBUG report_directive.run: creating dispatcher
2015-02-04 14:46:59,125 DEBUG disp77527312: starting dispatcher '<CGATReport.Dispatcher.Dispatcher object at 0x49ef910>': tracker='<Trackers.SimpleExampleData object at 0x4a31f50>', renderer='<CGATReportPlugins.Plotter.InterleavedBarPlot object at 0x4976ed0>', transformer:='[]'
2015-02-04 14:46:59,125 DEBUG disp77527312: cache of tracker: <Trackers.SimpleExampleData object at 0x4a31f50>: True
2015-02-04 14:46:59,829 DEBUG disp77527184: using cache _cache/Trackers_SimpleExampleData
2015-02-04 14:46:59,829 DEBUG disp77527184: keys in cache: []
2015-02-04 14:46:59,829 DEBUG disp77527312: profile: started: tracker: <Trackers.SimpleExampleData object at 0x4a31f50>
2015-02-04 14:46:59,829 DEBUG disp77527312: <Trackers.SimpleExampleData object at 0x4a31f50>: collecting data paths.
2015-02-04 14:46:59,830 DEBUG disp77527312: <Trackers.SimpleExampleData object at 0x4a31f50>: collected data paths.
2015-02-04 14:46:59,830 DEBUG disp77527312: <Trackers.SimpleExampleData object at 0x4a31f50>: filtering data paths: [['bicycle', 'car']]
2015-02-04 14:46:59,830 DEBUG disp77527312: <Trackers.SimpleExampleData object at 0x4a31f50>: filtered data paths: [['bicycle', 'car']]
2015-02-04 14:46:59,830 DEBUG disp77527312: <Trackers.SimpleExampleData object at 0x4a31f50>: building all_paths
2015-02-04 14:46:59,830 DEBUG disp77527312: <Trackers.SimpleExampleData object at 0x4a31f50>: collecting data started for 2 data paths
2015-02-04 14:46:59,831 DEBUG disp77527184: key 'bicycle' not found in cache
2015-02-04 14:46:59,852 DEBUG disp77527184: saved data for key 'bicycle' in cache
2015-02-04 14:46:59,854 DEBUG disp77527184: key 'car' not found in cache
2015-02-04 14:46:59,854 DEBUG disp77527184: saved data for key 'car' in cache
2015-02-04 14:46:59,856 DEBUG disp77527312: <Trackers.SimpleExampleData object at 0x4a31f50>: collecting data finished for 2 data paths
2015-02-04 14:46:59,856 DEBUG disp77527312: profile: finished: tracker: <Trackers.SimpleExampleData object at 0x4a31f50>
2015-02-04 14:46:59,856 DEBUG disp77527312: <CGATReport.Dispatcher.Dispatcher object at 0x49ef910>: after collection: 2 data_paths: [['bicycle', 'car'], ['wheels', 'max passengers']]
2015-02-04 14:46:59,857 DEBUG dataframe conversion: from values
2015-02-04 14:46:59,860 DEBUG disp77527312: dataframe memory usage: total=64,data=32,index=16,col=16
2015-02-04 14:46:59,860 DEBUG disp77527312: grouping: nlevel=1, groupby=-2, default=-2, group=-2
2015-02-04 14:46:59,860 DEBUG disp77527312: profile: started: renderer: <CGATReportPlugins.Plotter.InterleavedBarPlot object at 0x4976ed0>
2015-02-04 14:46:59,860 DEBUG disp77527312: <CGATReport.Dispatcher.Dispatcher object at 0x49ef910>: rendering data started for 2 items
2015-02-04 14:46:59,860 DEBUG disp77527312: <CGATReport.Dispatcher.Dispatcher object at 0x49ef910>: rendering data started. levels=1, group_level=-2
2015-02-04 14:46:59,908 DEBUG disp77527312: <Trackers.SimpleExampleData object at 0x4a31f50>: rendering data finished with 1 blocks
2015-02-04 14:46:59,908 DEBUG disp77527312: profile: finished: renderer: <CGATReportPlugins.Plotter.InterleavedBarPlot object at 0x4976ed0>
2015-02-04 14:46:59,908 DEBUG report_directive.run: profile: started: collecting: /ifs/home/andreas/devel/CGATReport/CGATReport/templates/PipelineTest.rst:7
2015-02-04 14:47:00,428 WARNING report_directive.layoutBlocks: missing title
2015-02-04 14:47:00,451 DEBUG report_directive.run: profile: finished: collecting: /ifs/home/andreas/devel/CGATReport/CGATReport/templates/PipelineTest.rst:7
2015-02-04 14:47:00,451 DEBUG report_directive.run: profile: finished: rst: /ifs/home/andreas/devel/CGATReport/CGATReport/templates/PipelineTest.rst:7
2015-02-04 14:47:00,711 INFO report_directive: starting: /ifs/home/andreas/devel/CGATReport/CGATReport/templates/contents.rst:12
2015-02-04 14:47:00,711 DEBUG report_directive.run: profile: started: rst: /ifs/home/andreas/devel/CGATReport/CGATReport/templates/contents.rst:12
2015-02-04 14:47:00,712 DEBUG report_directive.run: arguments=[u'Trackers.SimpleExampleData'], options={'render': 'interleaved-bar-plot'}, lineno=12, content=[u'Simple example data.'], document=/ifs/home/andreas/devel/CGATReport/CGATReport/templates/contents.rst
2015-02-04 14:47:00,712 DEBUG report_directive.run: plotdir=Trackers.SimpleExampleData, basename=Trackers, ext=.SimpleExampleData, fname=Trackers.SimpleExampleData, rstdir=/ifs/devel/andreas/CGATReport/CGATReport/templates, srcdir=/ifs/devel/andreas/CGATReport/CGATReport/templates, builddir=/ifs/devel/andreas/CGATReport/CGATReport/templates
2015-02-04 14:47:00,712 DEBUG report_directive.run: tracker_name=Trackers.SimpleExampleData, basedir=, rst2src=./_static/report_directive, root2build=./_static/report_directive, outdir=_static/report_directive, codename=Trackers_SimpleExampleData.code
2015-02-04 14:47:00,713 DEBUG report_directive.run: options={'render': 'interleaved-bar-plot'}
2015-02-04 14:47:00,713 DEBUG report_directive.run: renderer options: {}
2015-02-04 14:47:00,713 DEBUG report_directive.run: transformer options: {}
2015-02-04 14:47:00,713 DEBUG report_directive.run: dispatcher options: {}
2015-02-04 14:47:00,713 DEBUG report_directive.run: tracker options: {}
2015-02-04 14:47:00,713 DEBUG report_directive.run: display options: {'render': 'interleaved-bar-plot'}
2015-02-04 14:47:00,713 DEBUG report_directive.run: options_hash=9e47da48fcbb9b4cd4c2da4b324f1e99
2015-02-04 14:47:00,714 DEBUG report_directive.run: checking for changed files.
2015-02-04 14:47:00,715 DEBUG report_directive.run: /ifs/home/andreas/devel/CGATReport/CGATReport/templates/contents.rst:12: checking for []
2015-02-04 14:47:00,716 INFO report_directive.run: /ifs/home/andreas/devel/CGATReport/CGATReport/templates/contents.rst:12: noredo: all files are present
2015-02-04 14:47:43,777 INFO initialising plugins
2015-02-04 14:47:48,487 DEBUG found plugins: 3 capabilites and 55 plugins
2015-02-04 14:47:48,557 INFO report_directive: starting: /ifs/home/andreas/devel/CGATReport/CGATReport/templates/PipelineTest.rst:7
2015-02-04 14:47:48,558 DEBUG report_directive.run: profile: started: rst: /ifs/home/andreas/devel/CGATReport/CGATReport/templates/PipelineTest.rst:7
2015-02-04 14:47:48,559 DEBUG report_directive.run: arguments=[u'Trackers.SimpleExampleData'], options={'render': 'interleaved-bar-plot'}, lineno=7, content=[u'Simple example data.'], document=/ifs/home/andreas/devel/CGATReport/CGATReport/templates/PipelineTest.rst
2015-02-04 14:47:48,559 DEBUG report_directive.run: plotdir=Trackers.SimpleExampleData, basename=Trackers, ext=.SimpleExampleData, fname=Trackers.SimpleExampleData, rstdir=/ifs/devel/andreas/CGATReport/CGATReport/templates, srcdir=/ifs/devel/andreas/CGATReport/CGATReport/templates, builddir=/ifs/devel/andreas/CGATReport/CGATReport/templates
2015-02-04 14:47:48,559 DEBUG report_directive.run: tracker_name=Trackers.SimpleExampleData, basedir=, rst2src=./_static/report_directive, root2build=./_static/report_directive, outdir=_static/report_directive, codename=Trackers_SimpleExampleData.code
2015-02-04 14:47:48,559 DEBUG report_directive.run: options={'render': 'interleaved-bar-plot'}
2015-02-04 14:47:48,559 DEBUG report_directive.run: renderer options: {}
2015-02-04 14:47:48,560 DEBUG report_directive.run: transformer options: {}
2015-02-04 14:47:48,560 DEBUG report_directive.run: dispatcher options: {}
2015-02-04 14:47:48,560 DEBUG report_directive.run: tracker options: {}
2015-02-04 14:47:48,560 DEBUG report_directive.run: display options: {'render': 'interleaved-bar-plot'}
2015-02-04 14:47:48,560 DEBUG report_directive.run: options_hash=9e47da48fcbb9b4cd4c2da4b324f1e99
2015-02-04 14:47:48,561 DEBUG report_directive.run: checking for changed files.
2015-02-04 14:47:48,561 DEBUG report_directive.run: /ifs/home/andreas/devel/CGATReport/CGATReport/templates/PipelineTest.rst:7: checking for []
2015-02-04 14:47:48,561 INFO report_directive.run: /ifs/home/andreas/devel/CGATReport/CGATReport/templates/PipelineTest.rst:7: noredo: all files are present
2015-02-04 14:47:48,600 INFO report_directive: starting: /ifs/home/andreas/devel/CGATReport/CGATReport/templates/contents.rst:10
2015-02-04 14:47:48,601 DEBUG report_directive.run: profile: started: rst: /ifs/home/andreas/devel/CGATReport/CGATReport/templates/contents.rst:10
2015-02-04 14:47:48,601 DEBUG report_directive.run: arguments=[u'Trackers.SimpleExampleData'], options={'render': 'interleaved-bar-plot'}, lineno=10, content=[u'Simple example data.'], document=/ifs/home/andreas/devel/CGATReport/CGATReport/templates/contents.rst
2015-02-04 14:47:48,601 DEBUG report_directive.run: plotdir=Trackers.SimpleExampleData, basename=Trackers, ext=.SimpleExampleData, fname=Trackers.SimpleExampleData, rstdir=/ifs/devel/andreas/CGATReport/CGATReport/templates, srcdir=/ifs/devel/andreas/CGATReport/CGATReport/templates, builddir=/ifs/devel/andreas/CGATReport/CGATReport/templates
2015-02-04 14:47:48,601 DEBUG report_directive.run: tracker_name=Trackers.SimpleExampleData, basedir=, rst2src=./_static/report_directive, root2build=./_static/report_directive, outdir=_static/report_directive, codename=Trackers_SimpleExampleData.code
2015-02-04 14:47:48,602 DEBUG report_directive.run: options={'render': 'interleaved-bar-plot'}
2015-02-04 14:47:48,602 DEBUG report_directive.run: renderer options: {}
2015-02-04 14:47:48,602 DEBUG report_directive.run: transformer options: {}
2015-02-04 14:47:48,602 DEBUG report_directive.run: dispatcher options: {}
2015-02-04 14:47:48,602 DEBUG report_directive.run: tracker options: {}
2015-02-04 14:47:48,602 DEBUG report_directive.run: display options: {'render': 'interleaved-bar-plot'}
2015-02-04 14:47:48,602 DEBUG report_directive.run: options_hash=9e47da48fcbb9b4cd4c2da4b324f1e99
2015-02-04 14:47:48,602 DEBUG report_directive.run: checking for changed files.
2015-02-04 14:47:48,603 DEBUG report_directive.run: /ifs/home/andreas/devel/CGATReport/CGATReport/templates/contents.rst:10: checking for []
2015-02-04 14:47:48,603 INFO report_directive.run: /ifs/home/andreas/devel/CGATReport/CGATReport/templates/contents.rst:10: noredo: all files are present
2015-02-04 14:47:51,131 INFO initialising plugins
2015-02-04 14:47:55,046 DEBUG found plugins: 3 capabilites and 55 plugins
2015-02-04 14:47:55,108 INFO report_directive: starting: /ifs/home/andreas/devel/CGATReport/CGATReport/templates/PipelineTest.rst:7
2015-02-04 14:47:55,109 DEBUG report_directive.run: profile: started: rst: /ifs/home/andreas/devel/CGATReport/CGATReport/templates/PipelineTest.rst:7
2015-02-04 14:47:55,110 DEBUG report_directive.run: arguments=[u'Trackers.SimpleExampleData'], options={'render': 'interleaved-bar-plot'}, lineno=7, content=[u'Simple example data.'], document=/ifs/home/andreas/devel/CGATReport/CGATReport/templates/PipelineTest.rst
2015-02-04 14:47:55,110 DEBUG report_directive.run: plotdir=Trackers.SimpleExampleData, basename=Trackers, ext=.SimpleExampleData, fname=Trackers.SimpleExampleData, rstdir=/ifs/devel/andreas/CGATReport/CGATReport/templates, srcdir=/ifs/devel/andreas/CGATReport/CGATReport/templates, builddir=/ifs/devel/andreas/CGATReport/CGATReport/templates
2015-02-04 14:47:55,110 DEBUG report_directive.run: tracker_name=Trackers.SimpleExampleData, basedir=, rst2src=./_static/report_directive, root2build=./_static/report_directive, outdir=_static/report_directive, codename=Trackers_SimpleExampleData.code
2015-02-04 14:47:55,110 DEBUG report_directive.run: options={'render': 'interleaved-bar-plot'}
2015-02-04 14:47:55,110 DEBUG report_directive.run: renderer options: {}
2015-02-04 14:47:55,110 DEBUG report_directive.run: transformer options: {}
2015-02-04 14:47:55,110 DEBUG report_directive.run: dispatcher options: {}
2015-02-04 14:47:55,110 DEBUG report_directive.run: tracker options: {}
2015-02-04 14:47:55,111 DEBUG report_directive.run: display options: {'render': 'interleaved-bar-plot'}
2015-02-04 14:47:55,111 DEBUG report_directive.run: options_hash=9e47da48fcbb9b4cd4c2da4b324f1e99
2015-02-04 14:47:55,111 DEBUG report_directive.run: checking for changed files.
2015-02-04 14:47:55,112 DEBUG report_directive.run: /ifs/home/andreas/devel/CGATReport/CGATReport/templates/PipelineTest.rst:7: checking for []
2015-02-04 14:47:55,112 INFO report_directive.run: /ifs/home/andreas/devel/CGATReport/CGATReport/templates/PipelineTest.rst:7: noredo: all files are present
2015-02-04 14:47:55,150 INFO report_directive: starting: /ifs/home/andreas/devel/CGATReport/CGATReport/templates/contents.rst:10
2015-02-04 14:47:55,150 DEBUG report_directive.run: profile: started: rst: /ifs/home/andreas/devel/CGATReport/CGATReport/templates/contents.rst:10
2015-02-04 14:47:55,151 DEBUG report_directive.run: arguments=[u'Trackers.SimpleExampleData'], options={'render': 'interleaved-bar-plot'}, lineno=10, content=[u'Simple example data.'], document=/ifs/home/andreas/devel/CGATReport/CGATReport/templates/contents.rst
2015-02-04 14:47:55,151 DEBUG report_directive.run: plotdir=Trackers.SimpleExampleData, basename=Trackers, ext=.SimpleExampleData, fname=Trackers.SimpleExampleData, rstdir=/ifs/devel/andreas/CGATReport/CGATReport/templates, srcdir=/ifs/devel/andreas/CGATReport/CGATReport/templates, builddir=/ifs/devel/andreas/CGATReport/CGATReport/templates
2015-02-04 14:47:55,151 DEBUG report_directive.run: tracker_name=Trackers.SimpleExampleData, basedir=, rst2src=./_static/report_directive, root2build=./_static/report_directive, outdir=_static/report_directive, codename=Trackers_SimpleExampleData.code
2015-02-04 14:47:55,151 DEBUG report_directive.run: options={'render': 'interleaved-bar-plot'}
2015-02-04 14:47:55,151 DEBUG report_directive.run: renderer options: {}
2015-02-04 14:47:55,151 DEBUG report_directive.run: transformer options: {}
2015-02-04 14:47:55,152 DEBUG report_directive.run: dispatcher options: {}
2015-02-04 14:47:55,152 DEBUG report_directive.run: tracker options: {}
2015-02-04 14:47:55,152 DEBUG report_directive.run: display options: {'render': 'interleaved-bar-plot'}
2015-02-04 14:47:55,152 DEBUG report_directive.run: options_hash=9e47da48fcbb9b4cd4c2da4b324f1e99
2015-02-04 14:47:55,152 DEBUG report_directive.run: checking for changed files.
2015-02-04 14:47:55,152 DEBUG report_directive.run: /ifs/home/andreas/devel/CGATReport/CGATReport/templates/contents.rst:10: checking for []
2015-02-04 14:47:55,152 INFO report_directive.run: /ifs/home/andreas/devel/CGATReport/CGATReport/templates/contents.rst:10: noredo: all files are present
